2020-05-06 17:59:59 9636 [Note] Plugin 'FEDERATED' is disabled.
2020-05-06 17:59:59 9636 [Note] InnoDB: The InnoDB memory heap is disabled
2020-05-06 17:59:59 9636 [Note] InnoDB: Mutexes and rw_locks use Windows interlocked functions
2020-05-06 17:59:59 9636 [Note] InnoDB: Compressed tables use zlib 1.2.3
2020-05-06 17:59:59 9636 [Note] InnoDB: Not using CPU crc32 instructions
2020-05-06 18:00:00 9636 [Note] InnoDB: Initializing buffer pool, size = 128.0M
2020-05-06 18:00:00 9636 [Note] InnoDB: Completed initialization of buffer pool
2020-05-06 18:00:00 9636 [Note] InnoDB: Highest supported file format is Barracuda.
2020-05-06 18:00:00 9636 [Note] InnoDB: The log sequence numbers 1626646 and 1626646 in ibdata files do not match the log sequence number 1991593 in the ib_logfiles!
2020-05-06 18:00:00 9636 [Note] InnoDB: Database was not shutdown normally!
2020-05-06 18:00:00 9636 [Note] InnoDB: Starting crash recovery.
2020-05-06 18:00:00 9636 [Note] InnoDB: Reading tablespace information from the .ibd files...
2020-05-06 18:00:02 9636 [Note] InnoDB: Restoring possible half-written data pages 
2020-05-06 18:00:02 9636 [Note] InnoDB: from the doublewrite buffer...
2020-05-06 18:00:03 9636 [Note] InnoDB: 128 rollback segment(s) are active.
2020-05-06 18:00:04 9636 [Note] InnoDB: Waiting for purge to start
2020-05-06 18:00:04 9636 [Note] InnoDB: 5.6.13 started; log sequence number 1991593
2020-05-06 18:00:04 9636 [Note] Server hostname (bind-address): '*'; port: 3307
2020-05-06 18:00:04 9636 [Note] IPv6 is available.
2020-05-06 18:00:04 9636 [Note]   - '::' resolves to '::';
2020-05-06 18:00:04 9636 [Note] Server socket created on IP: '::'.
2020-05-07 18:23:21 11852 [Note] Plugin 'FEDERATED' is disabled.
2020-05-07 18:23:22 11852 [Note] InnoDB: The InnoDB memory heap is disabled
2020-05-07 18:23:22 11852 [Note] InnoDB: Mutexes and rw_locks use Windows interlocked functions
2020-05-07 18:23:22 11852 [Note] InnoDB: Compressed tables use zlib 1.2.3
2020-05-07 18:23:22 11852 [Note] InnoDB: Not using CPU crc32 instructions
2020-05-07 18:23:22 11852 [Note] InnoDB: Initializing buffer pool, size = 128.0M
2020-05-07 18:23:22 11852 [Note] InnoDB: Completed initialization of buffer pool
2020-05-07 18:23:22 11852 [Note] InnoDB: Highest supported file format is Barracuda.
2020-05-07 18:23:23 11852 [Note] InnoDB: The log sequence numbers 1626646 and 1626646 in ibdata files do not match the log sequence number 1991603 in the ib_logfiles!
2020-05-07 18:23:23 11852 [Note] InnoDB: Database was not shutdown normally!
2020-05-07 18:23:23 11852 [Note] InnoDB: Starting crash recovery.
2020-05-07 18:23:23 11852 [Note] InnoDB: Reading tablespace information from the .ibd files...
2020-05-07 18:23:24 11852 [Note] InnoDB: Restoring possible half-written data pages 
2020-05-07 18:23:24 11852 [Note] InnoDB: from the doublewrite buffer...
2020-05-07 18:23:25 11852 [Note] InnoDB: 128 rollback segment(s) are active.
2020-05-07 18:23:25 11852 [Note] InnoDB: Waiting for purge to start
2020-05-07 18:23:25 11852 [Note] InnoDB: 5.6.13 started; log sequence number 1991603
2020-05-07 18:23:25 11852 [Note] Server hostname (bind-address): '*'; port: 3307
2020-05-07 18:23:25 11852 [Note] IPv6 is available.
2020-05-07 18:23:25 11852 [Note]   - '::' resolves to '::';
2020-05-07 18:23:25 11852 [Note] Server socket created on IP: '::'.
2020-05-14 09:57:38 5184 [Note] Plugin 'FEDERATED' is disabled.
2020-05-14 09:57:39 5184 [Note] InnoDB: The InnoDB memory heap is disabled
2020-05-14 09:57:39 5184 [Note] InnoDB: Mutexes and rw_locks use Windows interlocked functions
2020-05-14 09:57:39 5184 [Note] InnoDB: Compressed tables use zlib 1.2.3
2020-05-14 09:57:39 5184 [Note] InnoDB: Not using CPU crc32 instructions
2020-05-14 09:57:39 5184 [Note] InnoDB: Initializing buffer pool, size = 128.0M
2020-05-14 09:57:39 5184 [Note] InnoDB: Completed initialization of buffer pool
2020-05-14 09:57:39 5184 [Note] InnoDB: Highest supported file format is Barracuda.
2020-05-14 09:57:39 5184 [Note] InnoDB: The log sequence numbers 1626646 and 1626646 in ibdata files do not match the log sequence number 1991613 in the ib_logfiles!
2020-05-14 09:57:39 5184 [Note] InnoDB: Database was not shutdown normally!
2020-05-14 09:57:39 5184 [Note] InnoDB: Starting crash recovery.
2020-05-14 09:57:39 5184 [Note] InnoDB: Reading tablespace information from the .ibd files...
2020-05-14 09:57:41 5184 [Note] InnoDB: Restoring possible half-written data pages 
2020-05-14 09:57:41 5184 [Note] InnoDB: from the doublewrite buffer...
2020-05-14 09:57:42 5184 [Note] InnoDB: 128 rollback segment(s) are active.
2020-05-14 09:57:42 5184 [Note] InnoDB: Waiting for purge to start
2020-05-14 09:57:42 5184 [Note] InnoDB: 5.6.13 started; log sequence number 1991613
2020-05-14 09:57:42 5184 [Note] Server hostname (bind-address): '*'; port: 3307
2020-05-14 09:57:42 5184 [Note] IPv6 is available.
2020-05-14 09:57:42 5184 [Note]   - '::' resolves to '::';
2020-05-14 09:57:42 5184 [Note] Server socket created on IP: '::'.
2020-05-15 08:36:11 9368 [Note] Plugin 'FEDERATED' is disabled.
2020-05-15 08:36:11 9368 [Note] InnoDB: The InnoDB memory heap is disabled
2020-05-15 08:36:11 9368 [Note] InnoDB: Mutexes and rw_locks use Windows interlocked functions
2020-05-15 08:36:11 9368 [Note] InnoDB: Compressed tables use zlib 1.2.3
2020-05-15 08:36:12 9368 [Note] InnoDB: Not using CPU crc32 instructions
2020-05-15 08:36:12 9368 [Note] InnoDB: Initializing buffer pool, size = 128.0M
2020-05-15 08:36:12 9368 [Note] InnoDB: Completed initialization of buffer pool
2020-05-15 08:36:12 9368 [Note] InnoDB: Highest supported file format is Barracuda.
2020-05-15 08:36:12 9368 [Note] InnoDB: The log sequence numbers 1626646 and 1626646 in ibdata files do not match the log sequence number 2103544 in the ib_logfiles!
2020-05-15 08:36:12 9368 [Note] InnoDB: Database was not shutdown normally!
2020-05-15 08:36:12 9368 [Note] InnoDB: Starting crash recovery.
2020-05-15 08:36:12 9368 [Note] InnoDB: Reading tablespace information from the .ibd files...
2020-05-15 08:36:14 9368 [Note] InnoDB: Restoring possible half-written data pages 
2020-05-15 08:36:14 9368 [Note] InnoDB: from the doublewrite buffer...
2020-05-15 08:36:15 9368 [Note] InnoDB: 128 rollback segment(s) are active.
2020-05-15 08:36:15 9368 [Note] InnoDB: Waiting for purge to start
2020-05-15 08:36:15 9368 [Note] InnoDB: 5.6.13 started; log sequence number 2103544
2020-05-15 08:36:16 9368 [Note] Server hostname (bind-address): '*'; port: 3307
2020-05-15 08:36:16 9368 [Note] IPv6 is available.
2020-05-15 08:36:16 9368 [Note]   - '::' resolves to '::';
2020-05-15 08:36:16 9368 [Note] Server socket created on IP: '::'.
