2020-08-23 10:54:31 7708 [Note] Plugin 'FEDERATED' is disabled.
2020-08-23 10:54:31 7708 [Note] InnoDB: Using atomics to ref count buffer pool pages
2020-08-23 10:54:31 7708 [Note] InnoDB: The InnoDB memory heap is disabled
2020-08-23 10:54:31 7708 [Note] InnoDB: Mutexes and rw_locks use Windows interlocked functions
2020-08-23 10:54:31 7708 [Note] InnoDB: Memory barrier is not used
2020-08-23 10:54:31 7708 [Note] InnoDB: Compressed tables use zlib 1.2.3
2020-08-23 10:54:31 7708 [Note] InnoDB: Not using CPU crc32 instructions
2020-08-23 10:54:31 7708 [Note] InnoDB: Initializing buffer pool, size = 128.0M
2020-08-23 10:54:31 7708 [Note] InnoDB: Completed initialization of buffer pool
2020-08-23 10:54:31 7708 [Note] InnoDB: Setting log file D:\Informatica\exercicios-Full-Stack\JQuery-Libraries\exercicios iniciais\usbwebserver\mysql\data\ib_logfile101 size to 5 MB
2020-08-23 10:54:31 7708 [Note] InnoDB: Setting log file D:\Informatica\exercicios-Full-Stack\JQuery-Libraries\exercicios iniciais\usbwebserver\mysql\data\ib_logfile1 size to 5 MB
2020-08-23 10:54:31 7708 [Note] InnoDB: Renaming log file D:\Informatica\exercicios-Full-Stack\JQuery-Libraries\exercicios iniciais\usbwebserver\mysql\data\ib_logfile101 to D:\Informatica\exercicios-Full-Stack\JQuery-Libraries\exercicios iniciais\usbwebserver\mysql\data\ib_logfile0
2020-08-23 10:54:31 7708 [Warning] InnoDB: New log files created, LSN=1626134
2020-08-23 10:54:31 7708 [Note] InnoDB: Highest supported file format is Barracuda.
2020-08-23 10:54:31 2444 InnoDB: Error: page 5 log sequence number 1626646
InnoDB: is in the future! Current system log sequence number 1626636.
InnoDB: Your database may be corrupt or you may have copied the InnoDB
InnoDB: tablespace but not the InnoDB log files. See
InnoDB: http://dev.mysql.com/doc/refman/5.6/en/forcing-innodb-recovery.html
InnoDB: for more information.
2020-08-23 10:54:32 7708 [Note] InnoDB: 128 rollback segment(s) are active.
2020-08-23 10:54:32 7708 [Note] InnoDB: Waiting for purge to start
2020-08-23 10:54:32 7708 [Note] InnoDB: 5.6.34 started; log sequence number 1626636
2020-08-23 10:54:32 7708 [Warning] No existing UUID has been found, so we assume that this is the first time that this server has been started. Generating a new UUID: 2bafd797-e548-11ea-bf4c-f4b5201e8996.
2020-08-23 10:54:32 7708 [Note] Server hostname (bind-address): '*'; port: 3306
2020-08-23 10:54:32 7708 [Note] IPv6 is available.
2020-08-23 10:54:32 7708 [Note]   - '::' resolves to '::';
2020-08-23 10:54:32 7708 [Note] Server socket created on IP: '::'.
2020-08-23 10:58:10 2936 [Note] Plugin 'FEDERATED' is disabled.
2020-08-23 10:58:10 2936 [Note] InnoDB: Using atomics to ref count buffer pool pages
2020-08-23 10:58:10 2936 [Note] InnoDB: The InnoDB memory heap is disabled
2020-08-23 10:58:10 2936 [Note] InnoDB: Mutexes and rw_locks use Windows interlocked functions
2020-08-23 10:58:10 2936 [Note] InnoDB: Memory barrier is not used
2020-08-23 10:58:10 2936 [Note] InnoDB: Compressed tables use zlib 1.2.3
2020-08-23 10:58:10 2936 [Note] InnoDB: Not using CPU crc32 instructions
2020-08-23 10:58:10 2936 [Note] InnoDB: Initializing buffer pool, size = 128.0M
2020-08-23 10:58:10 2936 [Note] InnoDB: Completed initialization of buffer pool
2020-08-23 10:58:11 2936 [Note] InnoDB: Highest supported file format is Barracuda.
2020-08-23 10:58:11 2936 [Note] InnoDB: The log sequence numbers 1626134 and 1626134 in ibdata files do not match the log sequence number 1626646 in the ib_logfiles!
2020-08-23 10:58:11 2936 [Note] InnoDB: Database was not shutdown normally!
2020-08-23 10:58:11 2936 [Note] InnoDB: Starting crash recovery.
2020-08-23 10:58:11 2936 [Note] InnoDB: Reading tablespace information from the .ibd files...
2020-08-23 10:58:11 2936 [Note] InnoDB: Restoring possible half-written data pages 
2020-08-23 10:58:11 2936 [Note] InnoDB: from the doublewrite buffer...
2020-08-23 10:58:11 2936 [Note] InnoDB: 128 rollback segment(s) are active.
2020-08-23 10:58:11 2936 [Note] InnoDB: Waiting for purge to start
2020-08-23 10:58:11 2936 [Note] InnoDB: 5.6.34 started; log sequence number 1626646
2020-08-23 10:58:11 2936 [Note] Server hostname (bind-address): '*'; port: 3306
2020-08-23 10:58:11 2936 [Note] IPv6 is available.
2020-08-23 10:58:11 2936 [Note]   - '::' resolves to '::';
2020-08-23 10:58:11 2936 [Note] Server socket created on IP: '::'.
2020-08-23 10:58:27 11528 [Note] Plugin 'FEDERATED' is disabled.
2020-08-23 10:58:27 11528 [Note] InnoDB: Using atomics to ref count buffer pool pages
2020-08-23 10:58:27 11528 [Note] InnoDB: The InnoDB memory heap is disabled
2020-08-23 10:58:27 11528 [Note] InnoDB: Mutexes and rw_locks use Windows interlocked functions
2020-08-23 10:58:27 11528 [Note] InnoDB: Memory barrier is not used
2020-08-23 10:58:27 11528 [Note] InnoDB: Compressed tables use zlib 1.2.3
2020-08-23 10:58:27 11528 [Note] InnoDB: Not using CPU crc32 instructions
2020-08-23 10:58:27 11528 [Note] InnoDB: Initializing buffer pool, size = 128.0M
2020-08-23 10:58:27 11528 [Note] InnoDB: Completed initialization of buffer pool
2020-08-23 10:58:27 11528 [Note] InnoDB: Highest supported file format is Barracuda.
2020-08-23 10:58:27 11528 [Note] InnoDB: The log sequence numbers 1626134 and 1626134 in ibdata files do not match the log sequence number 1626656 in the ib_logfiles!
2020-08-23 10:58:27 11528 [Note] InnoDB: Database was not shutdown normally!
2020-08-23 10:58:27 11528 [Note] InnoDB: Starting crash recovery.
2020-08-23 10:58:27 11528 [Note] InnoDB: Reading tablespace information from the .ibd files...
2020-08-23 10:58:27 11528 [Note] InnoDB: Restoring possible half-written data pages 
2020-08-23 10:58:27 11528 [Note] InnoDB: from the doublewrite buffer...
2020-08-23 10:58:27 11528 [Note] InnoDB: 128 rollback segment(s) are active.
2020-08-23 10:58:27 11528 [Note] InnoDB: Waiting for purge to start
2020-08-23 10:58:27 11528 [Note] InnoDB: 5.6.34 started; log sequence number 1626656
2020-08-23 10:58:27 11528 [Note] Server hostname (bind-address): '*'; port: 3306
2020-08-23 10:58:27 11528 [Note] IPv6 is available.
2020-08-23 10:58:27 11528 [Note]   - '::' resolves to '::';
2020-08-23 10:58:27 11528 [Note] Server socket created on IP: '::'.
2020-08-23 11:01:01 1296 [Note] Plugin 'FEDERATED' is disabled.
2020-08-23 11:01:01 1296 [Note] InnoDB: Using atomics to ref count buffer pool pages
2020-08-23 11:01:01 1296 [Note] InnoDB: The InnoDB memory heap is disabled
2020-08-23 11:01:01 1296 [Note] InnoDB: Mutexes and rw_locks use Windows interlocked functions
2020-08-23 11:01:01 1296 [Note] InnoDB: Memory barrier is not used
2020-08-23 11:01:01 1296 [Note] InnoDB: Compressed tables use zlib 1.2.3
2020-08-23 11:01:01 1296 [Note] InnoDB: Not using CPU crc32 instructions
2020-08-23 11:01:01 1296 [Note] InnoDB: Initializing buffer pool, size = 128.0M
2020-08-23 11:01:01 1296 [Note] InnoDB: Completed initialization of buffer pool
2020-08-23 11:01:01 1296 [Note] InnoDB: Highest supported file format is Barracuda.
2020-08-23 11:01:01 1296 [Note] InnoDB: The log sequence numbers 1626134 and 1626134 in ibdata files do not match the log sequence number 1626666 in the ib_logfiles!
2020-08-23 11:01:01 1296 [Note] InnoDB: Database was not shutdown normally!
2020-08-23 11:01:01 1296 [Note] InnoDB: Starting crash recovery.
2020-08-23 11:01:01 1296 [Note] InnoDB: Reading tablespace information from the .ibd files...
2020-08-23 11:01:01 1296 [Note] InnoDB: Restoring possible half-written data pages 
2020-08-23 11:01:01 1296 [Note] InnoDB: from the doublewrite buffer...
2020-08-23 11:01:01 1296 [Note] InnoDB: 128 rollback segment(s) are active.
2020-08-23 11:01:01 1296 [Note] InnoDB: Waiting for purge to start
2020-08-23 11:01:01 1296 [Note] InnoDB: 5.6.34 started; log sequence number 1626666
2020-08-23 11:01:01 1296 [Note] Server hostname (bind-address): '*'; port: 3306
2020-08-23 11:01:01 1296 [Note] IPv6 is available.
2020-08-23 11:01:01 1296 [Note]   - '::' resolves to '::';
2020-08-23 11:01:01 1296 [Note] Server socket created on IP: '::'.
2020-08-23 11:01:36 11080 [Note] Plugin 'FEDERATED' is disabled.
2020-08-23 11:01:36 11080 [Note] InnoDB: Using atomics to ref count buffer pool pages
2020-08-23 11:01:36 11080 [Note] InnoDB: The InnoDB memory heap is disabled
2020-08-23 11:01:36 11080 [Note] InnoDB: Mutexes and rw_locks use Windows interlocked functions
2020-08-23 11:01:36 11080 [Note] InnoDB: Memory barrier is not used
2020-08-23 11:01:36 11080 [Note] InnoDB: Compressed tables use zlib 1.2.3
2020-08-23 11:01:36 11080 [Note] InnoDB: Not using CPU crc32 instructions
2020-08-23 11:01:36 11080 [Note] InnoDB: Initializing buffer pool, size = 128.0M
2020-08-23 11:01:36 11080 [Note] InnoDB: Completed initialization of buffer pool
2020-08-23 11:01:36 11080 [Note] InnoDB: Highest supported file format is Barracuda.
2020-08-23 11:01:36 11080 [Note] InnoDB: The log sequence numbers 1626134 and 1626134 in ibdata files do not match the log sequence number 1626676 in the ib_logfiles!
2020-08-23 11:01:36 11080 [Note] InnoDB: Database was not shutdown normally!
2020-08-23 11:01:36 11080 [Note] InnoDB: Starting crash recovery.
2020-08-23 11:01:36 11080 [Note] InnoDB: Reading tablespace information from the .ibd files...
2020-08-23 11:01:36 11080 [Note] InnoDB: Restoring possible half-written data pages 
2020-08-23 11:01:36 11080 [Note] InnoDB: from the doublewrite buffer...
2020-08-23 11:01:37 11080 [Note] InnoDB: 128 rollback segment(s) are active.
2020-08-23 11:01:37 11080 [Note] InnoDB: Waiting for purge to start
2020-08-23 11:01:37 11080 [Note] InnoDB: 5.6.34 started; log sequence number 1626676
2020-08-23 11:01:37 11080 [Note] Server hostname (bind-address): '*'; port: 3306
2020-08-23 11:01:37 11080 [Note] IPv6 is available.
2020-08-23 11:01:37 11080 [Note]   - '::' resolves to '::';
2020-08-23 11:01:37 11080 [Note] Server socket created on IP: '::'.
