::1 - - [28/May/2020:10:47:37 -0300] "GET /public/unidade_07/login.php HTTP/1.1" 404 225
::1 - - [28/May/2020:10:47:38 -0300] "GET /favicon.ico HTTP/1.1" 404 209
::1 - - [28/May/2020:10:47:57 -0300] "GET /webpack-course-exercicios-uni01_ex03/index.html HTTP/1.1" 404 245
::1 - - [28/May/2020:10:48:37 -0300] "GET / HTTP/1.1" 200 357
::1 - - [28/May/2020:10:48:38 -0300] "GET /favicon.ico HTTP/1.1" 404 209
::1 - - [28/May/2020:10:48:54 -0300] "GET /WebPack/ HTTP/1.1" 200 3430
::1 - - [28/May/2020:10:48:54 -0300] "GET /public/ HTTP/1.1" 200 782
::1 - - [28/May/2020:10:48:56 -0300] "GET /WebPack/webpack-course-exercicios-uni01_ex03/ HTTP/1.1" 200 9882
::1 - - [28/May/2020:10:48:56 -0300] "GET /assets/css/styles.css HTTP/1.1" 404 219
::1 - - [28/May/2020:10:48:56 -0300] "GET /assets/img/javascript.jpg HTTP/1.1" 404 223
::1 - - [28/May/2020:10:48:56 -0300] "GET /assets/img/photoshop.jpg HTTP/1.1" 404 222
::1 - - [28/May/2020:10:48:56 -0300] "GET /assets/img/typescript.jpg HTTP/1.1" 404 223
::1 - - [28/May/2020:10:48:57 -0300] "GET /assets/favicon.ico HTTP/1.1" 404 216
::1 - - [28/May/2020:10:48:57 -0300] "GET /assets/ico/favicon-32x32.png HTTP/1.1" 404 226
::1 - - [28/May/2020:10:48:57 -0300] "GET /assets/ico/favicon-16x16.png HTTP/1.1" 404 226
::1 - - [28/May/2020:10:48:57 -0300] "GET /assets/ico/favicon-96x96.png HTTP/1.1" 404 226
::1 - - [28/May/2020:10:48:57 -0300] "GET /assets/ico/android-icon-192x192.png HTTP/1.1" 404 233
::1 - - [28/May/2020:10:49:17 -0300] "GET /WebPack/webpack-course-exercicios-uni01_ex03/ HTTP/1.1" 200 9882
::1 - - [28/May/2020:10:49:18 -0300] "GET /assets/css/styles.css HTTP/1.1" 404 219
::1 - - [28/May/2020:10:49:18 -0300] "GET /assets/img/typescript.jpg HTTP/1.1" 404 223
::1 - - [28/May/2020:10:49:18 -0300] "GET /assets/img/photoshop.jpg HTTP/1.1" 404 222
::1 - - [28/May/2020:10:49:18 -0300] "GET /assets/img/javascript.jpg HTTP/1.1" 404 223
::1 - - [28/May/2020:10:49:19 -0300] "GET /assets/favicon.ico HTTP/1.1" 404 216
::1 - - [28/May/2020:10:49:19 -0300] "GET /assets/ico/favicon-32x32.png HTTP/1.1" 404 226
::1 - - [28/May/2020:10:49:19 -0300] "GET /assets/ico/favicon-16x16.png HTTP/1.1" 404 226
::1 - - [28/May/2020:10:49:20 -0300] "GET /assets/ico/favicon-96x96.png HTTP/1.1" 404 226
::1 - - [28/May/2020:10:49:20 -0300] "GET /assets/ico/android-icon-192x192.png HTTP/1.1" 404 233
