::1 - - [17/Jun/2020:11:38:24 -0300] "GET / HTTP/1.1" 200 79663
::1 - - [17/Jun/2020:11:38:26 -0300] "GET /index.php?=PHPE9568F34-D428-11d2-A769-00AA001ACF42 HTTP/1.1" 200 2524
::1 - - [17/Jun/2020:11:38:27 -0300] "GET /index.php?=PHPE9568F35-D428-11d2-A769-00AA001ACF42 HTTP/1.1" 200 2146
::1 - - [17/Jun/2020:11:38:26 -0300] "GET /style.css HTTP/1.1" 200 3041
::1 - - [17/Jun/2020:11:38:26 -0300] "GET /images/header.png HTTP/1.1" 200 7766
::1 - - [17/Jun/2020:11:38:27 -0300] "GET /images/menu.jpg HTTP/1.1" 200 11219
::1 - - [17/Jun/2020:11:38:27 -0300] "GET /images/topcontent.jpg HTTP/1.1" 200 11578
::1 - - [17/Jun/2020:11:38:27 -0300] "GET /images/menuleft.jpg HTTP/1.1" 200 11236
::1 - - [17/Jun/2020:11:38:27 -0300] "GET /images/menuright.jpg HTTP/1.1" 200 11239
::1 - - [17/Jun/2020:11:38:27 -0300] "GET /images/background.jpg HTTP/1.1" 200 12386
::1 - - [17/Jun/2020:11:38:27 -0300] "GET /images/content.jpg HTTP/1.1" 200 11916
::1 - - [17/Jun/2020:11:38:27 -0300] "GET /images/banner.jpg HTTP/1.1" 200 38149
::1 - - [17/Jun/2020:11:38:31 -0300] "GET /favicon.ico HTTP/1.1" 404 209
::1 - - [17/Jun/2020:11:39:25 -0300] "GET /unidade04/exercicio03/index.html HTTP/1.1" 404 230
::1 - - [17/Jun/2020:11:39:28 -0300] "GET /favicon.ico HTTP/1.1" 404 209
::1 - - [17/Jun/2020:11:40:05 -0300] "GET /unidade04/exercicio03/index.html HTTP/1.1" 404 230
::1 - - [17/Jun/2020:11:41:05 -0300] "GET /exercicios_limpos/unidade04/exercicio03/index.html HTTP/1.1" 200 1098
::1 - - [17/Jun/2020:11:41:06 -0300] "GET /exercicios_limpos/unidade04/exercicio03/includes/videosub.js HTTP/1.1" 200 43665
::1 - - [17/Jun/2020:11:41:06 -0300] "GET /exercicios_limpos/unidade04/exercicio03/sintel.jpg HTTP/1.1" 200 30268
::1 - - [17/Jun/2020:11:41:07 -0300] "GET /exercicios_limpos/unidade04/exercicio03/sintel_pt.srt HTTP/1.1" 200 1551
::1 - - [17/Jun/2020:11:41:08 -0300] "GET /exercicios_limpos/unidade04/video/sintel.mp4 HTTP/1.1" 206 14621544
::1 - - [17/Jun/2020:11:41:12 -0300] "GET /exercicios_limpos/unidade04/video/sintel.mp4 HTTP/1.1" 206 39784
::1 - - [17/Jun/2020:11:41:13 -0300] "GET /exercicios_limpos/unidade04/video/sintel.mp4 HTTP/1.1" 206 14446948
::1 - - [17/Jun/2020:11:41:28 -0300] "GET /favicon.ico HTTP/1.1" 404 209
::1 - - [17/Jun/2020:11:41:29 -0300] "GET /exercicios_limpos/unidade04/video/sintel.mp4 HTTP/1.1" 206 14446948
::1 - - [17/Jun/2020:11:41:33 -0300] "GET /exercicios_limpos/unidade04/exercicio03/index.html HTTP/1.1" 304 -
::1 - - [17/Jun/2020:11:41:38 -0300] "GET /favicon.ico HTTP/1.1" 404 209
::1 - - [17/Jun/2020:11:41:39 -0300] "GET /exercicios_limpos/unidade04/video/sintel.mp4 HTTP/1.1" 206 11632640
::1 - - [17/Jun/2020:11:52:57 -0300] "GET /exercicios_limpos/unidade04/exercicio03/index.html HTTP/1.1" 304 -
