2020-06-11 14:44:00 12664 [Note] Plugin 'FEDERATED' is disabled.
2020-06-11 14:44:01 12664 [Note] InnoDB: The InnoDB memory heap is disabled
2020-06-11 14:44:01 12664 [Note] InnoDB: Mutexes and rw_locks use Windows interlocked functions
2020-06-11 14:44:01 12664 [Note] InnoDB: Compressed tables use zlib 1.2.3
2020-06-11 14:44:01 12664 [Note] InnoDB: Not using CPU crc32 instructions
2020-06-11 14:44:01 12664 [Note] InnoDB: Initializing buffer pool, size = 128.0M
2020-06-11 14:44:01 12664 [Note] InnoDB: Completed initialization of buffer pool
2020-06-11 14:44:03 12664 [Note] InnoDB: Highest supported file format is Barracuda.
2020-06-11 14:44:03 12664 [Note] InnoDB: The log sequence numbers 1626646 and 1626646 in ibdata files do not match the log sequence number 1672013 in the ib_logfiles!
2020-06-11 14:44:03 12664 [Note] InnoDB: Database was not shutdown normally!
2020-06-11 14:44:03 12664 [Note] InnoDB: Starting crash recovery.
2020-06-11 14:44:03 12664 [Note] InnoDB: Reading tablespace information from the .ibd files...
2020-06-11 14:44:04 12664 [Note] InnoDB: Restoring possible half-written data pages 
2020-06-11 14:44:04 12664 [Note] InnoDB: from the doublewrite buffer...
2020-06-11 14:44:06 12664 [Note] InnoDB: 128 rollback segment(s) are active.
2020-06-11 14:44:06 12664 [Note] InnoDB: Waiting for purge to start
2020-06-11 14:44:06 12664 [Note] InnoDB: 5.6.13 started; log sequence number 1672013
2020-06-11 14:44:06 12664 [Note] Server hostname (bind-address): '*'; port: 3307
2020-06-11 14:44:06 12664 [Note] IPv6 is available.
2020-06-11 14:44:06 12664 [Note]   - '::' resolves to '::';
2020-06-11 14:44:06 12664 [Note] Server socket created on IP: '::'.
