::1 - - [15/May/2020:08:53:25 -0300] "GET /public/unidade_08/formulario.php HTTP/1.1" 200 5641
::1 - - [15/May/2020:08:53:27 -0300] "GET /public/unidade_08/jquery.js HTTP/1.1" 200 93064
::1 - - [15/May/2020:08:53:30 -0300] "GET /favicon.ico HTTP/1.1" 404 209
::1 - - [15/May/2020:08:55:53 -0300] "GET /public/unidade_08/formulario.php?nometransportadora=&endereco=&cidade=&estados=1 HTTP/1.1" 200 5641
::1 - - [15/May/2020:08:55:56 -0300] "GET /public/unidade_07/login.php HTTP/1.1" 404 225
::1 - - [15/May/2020:08:56:01 -0300] "GET /public/unidade_08/formulario.php?nometransportadora=&endereco=&cidade=&estados=1 HTTP/1.1" 200 5641
::1 - - [15/May/2020:08:56:04 -0300] "GET /public/unidade_08/formulario.php?nometransportadora=&endereco=&cidade=&estados=1 HTTP/1.1" 200 5641
::1 - - [15/May/2020:08:58:56 -0300] "GET /phpmyadmin/ HTTP/1.1" 200 8024
::1 - - [15/May/2020:08:59:05 -0300] "GET /phpmyadmin/js/get_scripts.js.php?scripts[]=jquery/jquery-1.8.3.js&scripts[]=ajax.js&scripts[]=keyhandler.js&scripts[]=jquery/jquery-ui-1.9.2.custom.js&scripts[]=jquery/jquery.sprintf.js&scripts[]=jquery/jquery.cookie.js&scripts[]=jquery/jquery.mousewheel.js&scripts[]=jquery/jquery.event.drag-2.2.js&scripts[]=jquery/jquery-ui-timepicker-addon.js&scripts[]=jquery/jquery.ba-hashchange-1.3.js&scripts[]=jquery/jquery.debounce-1.0.5.js&scripts[]=jquery/jquery.menuResizer-1.0.js&scripts[]=rte.js&scripts[]=functions.js&scripts[]=navigation.js&scripts[]=indexes.js&scripts[]=common.js&scripts[]=codemirror/lib/codemirror.js&scripts[]=codemirror/mode/mysql/mysql.js HTTP/1.1" 200 578562
::1 - - [15/May/2020:08:59:05 -0300] "GET /phpmyadmin/phpmyadmin.css.php?server=1&token=e36769fe06ec2f07445c3fbe44fe6a2f&nocache=4125195912ltr HTTP/1.1" 200 88608
::1 - - [15/May/2020:08:59:05 -0300] "GET /phpmyadmin/js/messages.php?lang=pt&db=&server=0&token=b7924f3358f5ef13cda201161d4f8723 HTTP/1.1" 200 18103
::1 - - [15/May/2020:08:59:05 -0300] "GET /phpmyadmin/js/get_image.js.php?theme=pmahomme HTTP/1.1" 200 6263
::1 - - [15/May/2020:09:01:39 -0300] "GET /public/unidade_08/formulario.php?nometransportadora=&endereco=&cidade=&estados=1 HTTP/1.1" 200 5641
::1 - - [15/May/2020:09:01:40 -0300] "GET /public/unidade_07/login.php HTTP/1.1" 404 225
::1 - - [15/May/2020:09:02:01 -0300] "GET /public/unidade_09/alteracao.php HTTP/1.1" 404 229
::1 - - [15/May/2020:09:02:30 -0300] "GET /public/unidade_08/formulario.php?nometransportadora=&endereco=&cidade=&estados=1 HTTP/1.1" 200 5641
::1 - - [15/May/2020:09:03:31 -0300] "GET /public/unidade_08/formulario.php?nometransportadora=&endereco=&cidade=&estados=1 HTTP/1.1" 200 5642
::1 - - [15/May/2020:09:03:41 -0300] "GET /public/unidade_08/formulario.php?nometransportadora=&endereco=&cidade=&estados=1 HTTP/1.1" 200 5642
::1 - - [15/May/2020:09:04:22 -0300] "GET /public/unidade_08/formulario.php?nometransportadora=&endereco=&cidade=&estados=1 HTTP/1.1" 200 5642
::1 - - [15/May/2020:09:06:32 -0300] "GET /public/unidade_08/formulario.php?nometransportadora=&endereco=&cidade=&estados=1 HTTP/1.1" 200 5642
::1 - - [15/May/2020:09:06:34 -0300] "GET /public/unidade_07/login.php HTTP/1.1" 404 225
::1 - - [15/May/2020:09:07:46 -0300] "GET /public/unidade_08/formulario.php?nometransportadora=&endereco=&cidade=&estados=1 HTTP/1.1" 200 5507
::1 - - [15/May/2020:09:07:46 -0300] "GET /public/unidade_07/login.php HTTP/1.1" 404 225
::1 - - [15/May/2020:09:08:20 -0300] "GET /public/unidade_09/alteracao.php HTTP/1.1" 404 229
::1 - - [15/May/2020:09:08:29 -0300] "GET /public/unidade_13/contato.php HTTP/1.1" 404 227
::1 - - [15/May/2020:09:08:29 -0300] "GET /public/unidade_07/login.php HTTP/1.1" 404 225
::1 - - [15/May/2020:09:40:26 -0300] "GET /public/unidade_08/formulario.php HTTP/1.1" 200 5642
::1 - - [15/May/2020:09:40:34 -0300] "GET /public/unidade_09/alteracao.php HTTP/1.1" 404 229
::1 - - [15/May/2020:09:40:34 -0300] "GET /public/unidade_07/login.php HTTP/1.1" 404 225
::1 - - [15/May/2020:09:40:39 -0300] "GET /public/unidade_09/alteracao.php HTTP/1.1" 404 229
::1 - - [15/May/2020:09:40:40 -0300] "GET /favicon.ico HTTP/1.1" 404 209
::1 - - [15/May/2020:09:42:09 -0300] "GET /public/unidade_04/exercicio.php HTTP/1.1" 200 1423
::1 - - [15/May/2020:09:42:24 -0300] "GET /public/unidade_08/inserir_transportadora.php HTTP/1.1" 200 2
::1 - - [15/May/2020:09:42:31 -0300] "GET /public/unidade_08/formulario.php?nometransportadora=&endereco=&cidade=&estados=1 HTTP/1.1" 200 5642
::1 - - [15/May/2020:09:42:31 -0300] "GET /public/unidade_08/formulario.php?nometransportadora=&endereco=&cidade=&estados=1 HTTP/1.1" 200 5642
::1 - - [15/May/2020:09:43:05 -0300] "GET /public/unidade_08/formulario.php?nometransportadora=&endereco=&cidade=&estados=1 HTTP/1.1" 200 5643
::1 - - [15/May/2020:09:43:05 -0300] "GET /public/unidade_07/login.php HTTP/1.1" 404 225
::1 - - [15/May/2020:09:44:25 -0300] "GET /public/unidade_08/formulario.php?nometransportadora=&endereco=&cidade=&estados=1 HTTP/1.1" 200 5688
::1 - - [15/May/2020:09:44:26 -0300] "GET /public/unidade_07/login.php HTTP/1.1" 404 225
::1 - - [15/May/2020:09:49:17 -0300] "GET /public/unidade_08/inserir_transportadora.php HTTP/1.1" 200 2
::1 - - [15/May/2020:09:49:18 -0300] "GET /public/unidade_08/inserir_transportadora.php HTTP/1.1" 200 2
::1 - - [15/May/2020:09:49:19 -0300] "GET /favicon.ico HTTP/1.1" 404 209
::1 - - [15/May/2020:09:49:17 -0300] "POST /phpmyadmin/index.php HTTP/1.1" 302 -
::1 - - [15/May/2020:09:49:17 -0300] "POST /phpmyadmin/index.php HTTP/1.1" 302 -
::1 - - [15/May/2020:09:49:18 -0300] "POST /phpmyadmin/index.php HTTP/1.1" 302 -
::1 - - [15/May/2020:09:49:17 -0300] "POST /phpmyadmin/index.php HTTP/1.1" 302 -
::1 - - [15/May/2020:09:49:27 -0300] "GET /phpmyadmin/index.php?token=e36769fe06ec2f07445c3fbe44fe6a2f HTTP/1.1" 200 47251
::1 - - [15/May/2020:09:49:35 -0300] "GET /public/unidade_08/inserir_transportadora.php HTTP/1.1" 200 2
::1 - - [15/May/2020:09:49:35 -0300] "POST /phpmyadmin/index.php HTTP/1.1" 302 -
::1 - - [15/May/2020:09:49:36 -0300] "GET /phpmyadmin/index.php?token=e36769fe06ec2f07445c3fbe44fe6a2f HTTP/1.1" 200 47251
::1 - - [15/May/2020:09:49:37 -0300] "GET /phpmyadmin/phpmyadmin.css.php?server=1&token=e36769fe06ec2f07445c3fbe44fe6a2f&nocache=5714742882ltr HTTP/1.1" 200 88608
::1 - - [15/May/2020:09:49:37 -0300] "GET /phpmyadmin/js/messages.php?lang=pt&db=&server=0&token=e36769fe06ec2f07445c3fbe44fe6a2f HTTP/1.1" 200 18103
::1 - - [15/May/2020:09:49:47 -0300] "GET /public/unidade_08/ HTTP/1.1" 200 501
::1 - - [15/May/2020:09:49:53 -0300] "GET /public/unidade_08/inserir_transportadora.php HTTP/1.1" 200 2
::1 - - [15/May/2020:09:49:53 -0300] "GET /public/unidade_08/inserir_transportadora.php HTTP/1.1" 200 2
::1 - - [15/May/2020:09:49:51 -0300] "GET /phpmyadmin/version_check.php?&_nocache=158954699173497895 HTTP/1.1" 200 39
::1 - - [15/May/2020:09:50:02 -0300] "GET /public/unidade_08/formulario.php HTTP/1.1" 200 5688
::1 - - [15/May/2020:09:50:02 -0300] "GET /public/unidade_08/_css/estilo.css HTTP/1.1" 200 1267
::1 - - [15/May/2020:09:50:02 -0300] "GET /public/unidade_08/jquery.js HTTP/1.1" 200 93064
::1 - - [15/May/2020:09:50:21 -0300] "GET /public/unidade_08/inserir_transportadora.php HTTP/1.1" 200 2
::1 - - [15/May/2020:09:50:48 -0300] "GET /public/unidade_07/login.php HTTP/1.1" 404 225
::1 - - [15/May/2020:09:50:48 -0300] "GET /public/unidade_08/formulario.php HTTP/1.1" 200 5688
::1 - - [15/May/2020:09:51:20 -0300] "GET /public/unidade_07/login.php HTTP/1.1" 404 225
::1 - - [15/May/2020:09:51:20 -0300] "GET /public/unidade_08/formulario.php HTTP/1.1" 200 5688
::1 - - [15/May/2020:09:52:58 -0300] "GET /public/unidade_08/formulario.php HTTP/1.1" 200 5700
::1 - - [15/May/2020:09:52:58 -0300] "GET /public/unidade_08/formulario.php HTTP/1.1" 200 5700
::1 - - [15/May/2020:10:19:52 -0300] "GET /public/unidade_08/formulario.php HTTP/1.1" 200 6248
::1 - - [15/May/2020:10:19:53 -0300] "GET /public/unidade_08/formulario.php HTTP/1.1" 200 6248
::1 - - [15/May/2020:10:20:11 -0300] "GET /public/unidade_08/formulario.php?nometransportadora=Thiago+Mendes&endereco=Rua+Caiap%C3%B3s%2C+842%2C+apto+14&cidade=Praia+Grande&estados=27 HTTP/1.1" 200 6248
::1 - - [15/May/2020:10:20:12 -0300] "GET /public/unidade_08/formulario.php HTTP/1.1" 200 6248
::1 - - [15/May/2020:10:20:25 -0300] "GET /phpmyadmin/navigation.php?ajax_request=1&token=e36769fe06ec2f07445c3fbe44fe6a2f&aPath=cm9vdA%3D%3D.YW5kZXM%3D&vPath=cm9vdA%3D%3D.YW5kZXM%3D&pos=0&pos2_name=&pos2_value=&searchClause=&searchClause2=&_nocache=158954882561560155 HTTP/1.1" 200 325
::1 - - [15/May/2020:10:21:02 -0300] "GET /public/unidade_08/formulario.php HTTP/1.1" 200 6248
::1 - - [15/May/2020:10:21:01 -0300] "GET /phpmyadmin/index.php?token=e36769fe06ec2f07445c3fbe44fe6a2f HTTP/1.1" 200 8194
::1 - - [15/May/2020:10:21:05 -0300] "GET /phpmyadmin/js/get_scripts.js.php?scripts[]=jquery/jquery-1.8.3.js&scripts[]=ajax.js&scripts[]=keyhandler.js&scripts[]=jquery/jquery-ui-1.9.2.custom.js&scripts[]=jquery/jquery.sprintf.js&scripts[]=jquery/jquery.cookie.js&scripts[]=jquery/jquery.mousewheel.js&scripts[]=jquery/jquery.event.drag-2.2.js&scripts[]=jquery/jquery-ui-timepicker-addon.js&scripts[]=jquery/jquery.ba-hashchange-1.3.js&scripts[]=jquery/jquery.debounce-1.0.5.js&scripts[]=jquery/jquery.menuResizer-1.0.js&scripts[]=rte.js&scripts[]=functions.js&scripts[]=navigation.js&scripts[]=indexes.js&scripts[]=common.js&scripts[]=codemirror/lib/codemirror.js&scripts[]=codemirror/mode/mysql/mysql.js HTTP/1.1" 200 578562
::1 - - [15/May/2020:10:21:10 -0300] "GET /phpmyadmin/index.php?db=&table=&server=1&target=&token=e36769fe06ec2f07445c3fbe44fe6a2f HTTP/1.1" 200 8159
::1 - - [15/May/2020:10:21:11 -0300] "GET /phpmyadmin/js/messages.php?lang=pt&db=&token=e36769fe06ec2f07445c3fbe44fe6a2f HTTP/1.1" 200 18103
::1 - - [15/May/2020:10:21:18 -0300] "POST /phpmyadmin/index.php HTTP/1.1" 302 -
::1 - - [15/May/2020:10:21:19 -0300] "GET /phpmyadmin/index.php?token=e36769fe06ec2f07445c3fbe44fe6a2f HTTP/1.1" 200 47251
::1 - - [15/May/2020:10:21:23 -0300] "GET /phpmyadmin/version_check.php?&_nocache=1589548883300663672 HTTP/1.1" 200 39
::1 - - [15/May/2020:10:21:27 -0300] "GET /public/unidade_08/formulario.php HTTP/1.1" 200 6248
::1 - - [15/May/2020:10:21:35 -0300] "GET /phpmyadmin/navigation.php?ajax_request=1&token=e36769fe06ec2f07445c3fbe44fe6a2f&aPath=cm9vdA%3D%3D.YW5kZXM%3D&vPath=cm9vdA%3D%3D.YW5kZXM%3D&pos=0&pos2_name=&pos2_value=&searchClause=&searchClause2=&_nocache=1589548895086356572 HTTP/1.1" 200 10043
::1 - - [15/May/2020:10:21:49 -0300] "GET /phpmyadmin/sql.php?server=1&db=andes&table=transportadoras&pos=0&token=e36769fe06ec2f07445c3fbe44fe6a2f&ajax_request=true&ajax_page_request=true&menuHashes=66e2f8e1&_nocache=1589548909269576685 HTTP/1.1" 200 30007
::1 - - [15/May/2020:10:21:51 -0300] "GET /phpmyadmin/js/get_scripts.js.php?scripts[]=tbl_change.js&scripts[]=tbl_structure.js&scripts[]=gis_data_editor.js&scripts[]=makegrid.js&scripts[]=sql.js HTTP/1.1" 200 57302
::1 - - [15/May/2020:10:21:52 -0300] "GET /phpmyadmin/index.php?ajax_request=1&recent_table=1&token=e36769fe06ec2f07445c3fbe44fe6a2f HTTP/1.1" 200 227
::1 - - [15/May/2020:10:26:02 -0300] "GET /public/unidade_08/formulario.php HTTP/1.1" 200 6267
::1 - - [15/May/2020:10:26:02 -0300] "GET /public/unidade_08/formulario.php?nometransportadora=Thiago+Mendes&endereco=Rua+Caiap%C3%B3s%2C+842%2C+apto+14&cidade=Praia+Grande&estados=27 HTTP/1.1" 200 6267
::1 - - [15/May/2020:10:26:32 -0300] "GET /public/unidade_08/formulario.php HTTP/1.1" 200 6267
::1 - - [15/May/2020:10:26:32 -0300] "GET /public/unidade_08/formulario.php?nometransportadora=Thiago+Mendes&endereco=Rua+Caiap%C3%B3s%2C+842%2C+apto+14&cidade=Praia+Grande&estados=27 HTTP/1.1" 200 6267
::1 - - [15/May/2020:10:27:24 -0300] "GET /public/unidade_08/formulario.php?nometransportadora=Thiago+Mendes&endereco=Rua+Caiap%C3%B3s%2C+842%2C+apto+14&cidade=Praia+Grande&estados=27 HTTP/1.1" 200 6266
::1 - - [15/May/2020:10:27:24 -0300] "GET /public/unidade_08/formulario.php HTTP/1.1" 200 6266
::1 - - [15/May/2020:10:28:28 -0300] "GET /public/unidade_08/formulario.php HTTP/1.1" 200 6267
::1 - - [15/May/2020:10:28:28 -0300] "GET /public/unidade_08/formulario.php?nometransportadora=Thiago+Mendes&endereco=Rua+Caiap%C3%B3s%2C+842%2C+apto+14&cidade=Praia+Grande&estados=27 HTTP/1.1" 200 6267
::1 - - [15/May/2020:10:30:53 -0300] "GET /public/unidade_08/formulario.php?nometransportadora=Thiago+Mendes&endereco=Rua+Caiap%C3%B3s%2C+842%2C+apto+14&cidade=Praia+Grande&estados=27 HTTP/1.1" 200 6267
::1 - - [15/May/2020:10:31:42 -0300] "GET /public/unidade_08/formulario.php HTTP/1.1" 200 6266
::1 - - [15/May/2020:10:31:42 -0300] "GET /public/unidade_08/formulario.php?nometransportadora=Thiago+Mendes&endereco=Rua+Caiap%C3%B3s%2C+842%2C+apto+14&cidade=Praia+Grande&estados=27 HTTP/1.1" 200 6266
::1 - - [15/May/2020:10:37:43 -0300] "GET /public/unidade_08/formulario.php HTTP/1.1" 200 6265
::1 - - [15/May/2020:10:37:43 -0300] "GET /public/unidade_08/formulario.php HTTP/1.1" 200 6265
::1 - - [15/May/2020:10:38:07 -0300] "POST /public/unidade_08/inserir_transportadora.php HTTP/1.1" 200 17
::1 - - [15/May/2020:10:40:44 -0300] "GET /public/unidade_08/formulario.php HTTP/1.1" 200 6265
::1 - - [15/May/2020:10:40:44 -0300] "GET /phpmyadmin/index.php?token=e36769fe06ec2f07445c3fbe44fe6a2f HTTP/1.1" 200 47327
::1 - - [15/May/2020:10:41:00 -0300] "GET /public/unidade_08/formulario.php HTTP/1.1" 200 6265
::1 - - [15/May/2020:10:41:00 -0300] "GET /phpmyadmin/sql.php?db=andes&table=transportadoras&server=1&target=&token=e36769fe06ec2f07445c3fbe44fe6a2f HTTP/1.1" 200 38921
::1 - - [15/May/2020:10:41:06 -0300] "GET /phpmyadmin/js/get_scripts.js.php?scripts[]=jquery/jquery-1.8.3.js&scripts[]=ajax.js&scripts[]=keyhandler.js&scripts[]=jquery/jquery-ui-1.9.2.custom.js&scripts[]=jquery/jquery.sprintf.js&scripts[]=jquery/jquery.cookie.js&scripts[]=jquery/jquery.mousewheel.js&scripts[]=jquery/jquery.event.drag-2.2.js&scripts[]=jquery/jquery-ui-timepicker-addon.js&scripts[]=jquery/jquery.ba-hashchange-1.3.js&scripts[]=jquery/jquery.debounce-1.0.5.js&scripts[]=jquery/jquery.menuResizer-1.0.js&scripts[]=rte.js&scripts[]=functions.js&scripts[]=navigation.js&scripts[]=indexes.js&scripts[]=common.js&scripts[]=tbl_change.js&scripts[]=tbl_structure.js&scripts[]=gis_data_editor.js&scripts[]=makegrid.js&scripts[]=sql.js&scripts[]=codemirror/lib/codemirror.js&scripts[]=codemirror/mode/mysql/mysql.js HTTP/1.1" 200 635864
::1 - - [15/May/2020:10:41:06 -0300] "GET /phpmyadmin/js/messages.php?lang=pt&db=andes&token=e36769fe06ec2f07445c3fbe44fe6a2f HTTP/1.1" 200 18103
::1 - - [15/May/2020:10:41:10 -0300] "GET /phpmyadmin/index.php?ajax_request=1&recent_table=1&token=e36769fe06ec2f07445c3fbe44fe6a2f HTTP/1.1" 200 227
::1 - - [15/May/2020:10:46:08 -0300] "GET /public/unidade_08/formulario.php HTTP/1.1" 200 6265
::1 - - [15/May/2020:10:46:08 -0300] "GET /public/unidade_08/formulario.php HTTP/1.1" 200 6265
::1 - - [15/May/2020:10:46:08 -0300] "GET /public/unidade_08/formulario.php HTTP/1.1" 200 6265
::1 - - [15/May/2020:10:47:55 -0300] "POST /public/unidade_08/inserir_transportadora.php HTTP/1.1" 200 67
::1 - - [15/May/2020:10:54:56 -0300] "GET /public/unidade_08/formulario.php HTTP/1.1" 200 6609
::1 - - [15/May/2020:10:54:56 -0300] "GET /public/unidade_08/formulario.php HTTP/1.1" 200 6609
::1 - - [15/May/2020:10:54:56 -0300] "GET /public/unidade_08/formulario.php HTTP/1.1" 200 6609
::1 - - [15/May/2020:10:55:35 -0300] "POST /public/unidade_08/inserir_transportadora.php HTTP/1.1" 200 67
::1 - - [15/May/2020:10:56:33 -0300] "GET /phpmyadmin/sql.php?db=andes&table=transportadoras&server=1&target=&token=e36769fe06ec2f07445c3fbe44fe6a2f HTTP/1.1" 200 44370
::1 - - [15/May/2020:10:56:36 -0300] "GET /phpmyadmin/sql.php?db=andes&table=transportadoras&server=1&target=&token=e36769fe06ec2f07445c3fbe44fe6a2f HTTP/1.1" 200 44370
::1 - - [15/May/2020:10:56:39 -0300] "GET /phpmyadmin/index.php?ajax_request=1&recent_table=1&token=e36769fe06ec2f07445c3fbe44fe6a2f HTTP/1.1" 200 227
::1 - - [15/May/2020:10:57:55 -0300] "GET /public/unidade_08/formulario.php HTTP/1.1" 200 6613
::1 - - [15/May/2020:10:58:35 -0300] "POST /public/unidade_08/inserir_transportadora.php HTTP/1.1" 200 67
