::1 - - [23/Aug/2020:11:05:47 -0300] "GET / HTTP/1.1" 200 93912
::1 - - [23/Aug/2020:11:05:47 -0300] "GET /style.css HTTP/1.1" 200 3041
::1 - - [23/Aug/2020:11:05:47 -0300] "GET /images/header.png HTTP/1.1" 200 7766
::1 - - [23/Aug/2020:11:05:47 -0300] "GET /images/menuleft.jpg HTTP/1.1" 200 11236
::1 - - [23/Aug/2020:11:05:47 -0300] "GET /images/background.jpg HTTP/1.1" 200 12386
::1 - - [23/Aug/2020:11:05:47 -0300] "GET /images/menu.jpg HTTP/1.1" 200 11219
::1 - - [23/Aug/2020:11:05:47 -0300] "GET /images/menuright.jpg HTTP/1.1" 200 11239
::1 - - [23/Aug/2020:11:05:47 -0300] "GET /images/content.jpg HTTP/1.1" 200 11916
::1 - - [23/Aug/2020:11:05:47 -0300] "GET /images/topcontent.jpg HTTP/1.1" 200 11578
::1 - - [23/Aug/2020:11:05:47 -0300] "GET /images/banner.jpg HTTP/1.1" 200 38149
::1 - - [23/Aug/2020:11:05:47 -0300] "GET /favicon.ico HTTP/1.1" 404 209
::1 - - [23/Aug/2020:11:06:16 -0300] "GET /unidade05/ HTTP/1.1" 200 879
::1 - - [23/Aug/2020:11:06:16 -0300] "GET /unidade05/assets/css/style.css HTTP/1.1" 200 2889
::1 - - [23/Aug/2020:11:06:16 -0300] "GET /unidade05/assets/js/jquery.knob.js HTTP/1.1" 200 20723
::1 - - [23/Aug/2020:11:06:16 -0300] "GET /unidade05/assets/js/jquery.ui.widget.js HTTP/1.1" 200 15324
::1 - - [23/Aug/2020:11:06:16 -0300] "GET /unidade05/assets/js/jquery.iframe-transport.js HTTP/1.1" 200 8902
::1 - - [23/Aug/2020:11:06:16 -0300] "GET /unidade05/assets/js/jquery.fileupload.js HTTP/1.1" 200 52067
::1 - - [23/Aug/2020:11:06:16 -0300] "GET /unidade05/assets/js/script.js HTTP/1.1" 200 2807
::1 - - [23/Aug/2020:11:06:38 -0300] "GET /unidade05/upload.php HTTP/1.1" 200 18
::1 - - [23/Aug/2020:11:11:00 -0300] "GET /unidade05/index HTTP/1.1" 404 213
::1 - - [23/Aug/2020:11:13:34 -0300] "GET /unidade05/ HTTP/1.1" 200 1150
::1 - - [23/Aug/2020:11:13:34 -0300] "GET /unidade05/assets/img/border-image.png HTTP/1.1" 200 1353
::1 - - [23/Aug/2020:11:15:00 -0300] "POST /unidade05/upload.php HTTP/1.1" 200 18
::1 - - [23/Aug/2020:11:15:26 -0300] "POST /unidade05/upload.php HTTP/1.1" 200 20
::1 - - [23/Aug/2020:11:15:50 -0300] "POST /unidade05/upload.php HTTP/1.1" 200 20
::1 - - [23/Aug/2020:11:17:47 -0300] "GET /unidade05/ HTTP/1.1" 200 1176
::1 - - [23/Aug/2020:11:17:53 -0300] "GET /unidade05/assets/img/icons.png HTTP/1.1" 200 1393
::1 - - [23/Aug/2020:11:17:53 -0300] "POST /unidade05/upload.php HTTP/1.1" 200 20
::1 - - [23/Aug/2020:11:18:05 -0300] "POST /unidade05/upload.php HTTP/1.1" 200 18
::1 - - [23/Aug/2020:11:19:13 -0300] "GET /unidade05/ HTTP/1.1" 304 -
